[ 2013-10-21T12:38:24+08:00 ] /index.php?mod=goods&act=getGoodsList | ERR: [2] filemtime(): stat failed for /data/web/erpNew/pc.valsun.cn/smarty/templates_c/7369045f9c48ae0c24fcb18a1b739979b7da258b.file.footer.htm.php smarty_resource.php 第 720 行.
[ 2013-10-21T12:38:24+08:00 ] /index.php?mod=goods&act=getGoodsList | ERR: [2] filemtime(): stat failed for /data/web/erpNew/pc.valsun.cn/smarty/templates_c/41b93b3cffa2a077c84d5cab918a20e8e01a2841.file.goodsList.htm.php smarty_resource.php 第 720 行.
[ 2013-10-21T12:38:24+08:00 ] /index.php?mod=goods&act=getGoodsList | ERR: [2] filemtime(): stat failed for /data/web/erpNew/pc.valsun.cn/smarty/templates_c/c88c7cece515b554e46a7e1cf5769547c690bf19.file.header.htm.php smarty_resource.php 第 720 行.
[ 2013-10-21T13:05:26+08:00 ] /index.php?mod=goods&act=getGoodsList | ERR: [2] mysql_query(): MySQL server has gone away mysql.php 第 58 行.
[ 2013-10-21T13:05:26+08:00 ] /index.php?mod=goods&act=getGoodsList | ERR: [2] mysql_query(): Error reading result set's header mysql.php 第 58 行.
[ 2013-10-21T13:05:26+08:00 ] /index.php?mod=goods&act=getGoodsList | ERR: message : MySQL Query Error, sql: select pmName from pc_packing_material where id=0 limit 1

[ 2013-10-21T13:06:56+08:00 ] /index.php?mod=goods&act=getGoodsList | ERR: [2] mysql_query(): MySQL server has gone away category.model.php 第 13 行.
[ 2013-10-21T13:06:56+08:00 ] /index.php?mod=goods&act=getGoodsList | ERR: [2] mysql_query(): Error reading result set's header category.model.php 第 13 行.
[ 2013-10-21T13:06:56+08:00 ] /index.php?mod=goods&act=getGoodsList | ERR: message : MySQL Query Error, sql: select name from `pc_goods_category` WHERE id=9

[ 2013-10-21T13:06:56+08:00 ] /index.php?mod=login&act=index | ERR: [2] filemtime(): stat failed for /data/web/erpNew/pc.valsun.cn/smarty/templates_c/aa286efe9c5cd891032c66cd1c2d3ecd11de3917.file.login.htm.php smarty_resource.php 第 720 行.
[ 2013-10-21T14:19:25+08:00 ] /index.php?mod=autoCreateSpu&act=getAutoCreatePrefixList | ERR: [2] filemtime(): stat failed for /data/web/erpNew/pc.valsun.cn/smarty/templates_c/be1715c6f3b3cf0373455c601d97b67ab4d72371.file.autoCreateSpu.htm.php smarty_resource.php 第 720 行.
[ 2013-10-21T14:19:26+08:00 ] /index.php?mod=packingMaterials&act=getPmList | ERR: [2] filemtime(): stat failed for /data/web/erpNew/pc.valsun.cn/smarty/templates_c/56af1704ceb40b5e0175dbd6b27e75c899d458b1.file.packingMaterials.htm.php smarty_resource.php 第 720 行.
[ 2013-10-21T14:19:26+08:00 ] /index.php?mod=category&act=getCategoryList | ERR: [2] filemtime(): stat failed for /data/web/erpNew/pc.valsun.cn/smarty/templates_c/e5c87f113a1ea683abea46410f1cc1e0217f9df6.file.categoryList.htm.php smarty_resource.php 第 720 行.
[ 2013-10-21T14:35:32+08:00 ] /index.php?mod=property&act=getPropertyList | ERR: [2] filemtime(): stat failed for /data/web/erpNew/pc.valsun.cn/smarty/templates_c/432da44b0db7922428754e3f9ea0a810cabe7ba6.file.propertyList.htm.php smarty_resource.php 第 720 行.
[ 2013-10-21T14:35:35+08:00 ] /index.php?mod=property&act=getInputList | ERR: [2] filemtime(): stat failed for /data/web/erpNew/pc.valsun.cn/smarty/templates_c/837160e5f0d47969fbd8100ce0d157e5b1c1ceb0.file.inputList.htm.php smarty_resource.php 第 720 行.
[ 2013-10-21T14:35:36+08:00 ] /index.php?mod=goods&act=getCombineList | ERR: [2] filemtime(): stat failed for /data/web/erpNew/pc.valsun.cn/smarty/templates_c/b1ad6fa5efc9c9f49494ec7b87dbe115761ae80a.file.combineList.htm.php smarty_resource.php 第 720 行.
[ 2013-10-21T14:35:43+08:00 ] /index.php?mod=packingMaterials&act=addPm | ERR: [2] filemtime(): stat failed for /data/web/erpNew/pc.valsun.cn/smarty/templates_c/1e29efeaf313ba36f4902b674e874fcad3c6709c.file.addPackingMaterials.htm.php smarty_resource.php 第 720 行.
[ 2013-10-21T14:35:50+08:00 ] /index.php?mod=category&act=addCategory | ERR: [2] filemtime(): stat failed for /data/web/erpNew/pc.valsun.cn/smarty/templates_c/b1d93222f79cf861d492a4a5c885e793f3701cb2.file.addCategory.htm.php smarty_resource.php 第 720 行.
[ 2013-10-21T14:35:54+08:00 ] /index.php?mod=autoCreateSpu&act=getAutoCreateSpuList | ERR: [2] filemtime(): stat failed for /data/web/erpNew/pc.valsun.cn/smarty/templates_c/96580840c966e352bc5297a0a27d53cbb51e0c98.file.spuList.htm.php smarty_resource.php 第 720 行.
[ 2013-10-21T14:43:03+08:00 ] /index.php?mod=spu&act=getSpuPrefixList | ERR: [2] filemtime(): stat failed for /data/web/erpNew/pc.valsun.cn/smarty/templates_c/7292e323f93aa179788ac1acf5da0b96b92f85f2.file.spuPrefixList.htm.php smarty_resource.php 第 720 行.
[ 2013-10-21T14:43:07+08:00 ] /index.php?mod=packingMaterials&act=updatePm&id=56 | ERR: [2] filemtime(): stat failed for /data/web/erpNew/pc.valsun.cn/smarty/templates_c/83eb24204bba0ac9a486e63fff526083146e5409.file.updatePackingMaterials.htm.php smarty_resource.php 第 720 行.
[ 2013-10-21T14:43:31+08:00 ] /index.php?mod=autoCreateSpu&act=getSpuArchiveList | ERR: [2] filemtime(): stat failed for /data/web/erpNew/pc.valsun.cn/smarty/templates_c/bb183e7301b7b8f24012955d606e3fd681f24336.file.spuArchiveList.htm.php smarty_resource.php 第 720 行.
[ 2013-10-21T14:43:33+08:00 ] /index.php?mod=autoCreateSpu&act=scanSpuArchive&spu=ZQ000001 | ERR: [2] filemtime(): stat failed for /data/web/erpNew/pc.valsun.cn/smarty/templates_c/6c637f00d47d860050566f3e17a64bd28c2f37f4.file.scanSpuArchive.htm.php smarty_resource.php 第 720 行.
